<?xml version="1.0" encoding="UTF-8"?>
<!-- Generated by org.testng.reporters.JUnitXMLReporter -->
<testsuite ignored="0" hostname="ManikyaSrinivas" failures="1" tests="1" name="Linux-FireFox" time="3.377" errors="0" timestamp="2024-12-06T13:35:47 PST">
  <testcase classname="testCases.TC001_AccountRegistrationTest" name="verify_account_registration" time="0.035">
    <failure type="java.lang.AssertionError" message="null">
      <![CDATA[java.lang.AssertionError: null
at testCases.TC001_AccountRegistrationTest.verify_account_registration(TC001_AccountRegistrationTest.java:47)
at java.base/java.util.ArrayList.forEach(ArrayList.java:1596)
... Removed 27 stack frames]]>
    </failure>
  </testcase> <!-- verify_account_registration -->
</testsuite> <!-- Linux-FireFox -->
